====================================================================
Using PRMS Parameter File: ..\input\prms\gsflow.params
Description: Sagehen Parameter File with 128 HRUs, 201 reaches, segments, cascading flow
====================================================================
Comment lines:
Version: 1.7
====================================================================
Using dimensions    number
nrain                  2
ncascade             317
nsegment              15
ntemp                  2
ngw                  128
ncascdgw             317
nreach               201
nobs                   1
nhru                 128
nssr                 128
ngwcell             5913
nhrucell            4691
ndepl                  2
ndeplval              22
nsub                   2
one                    1
nmonths               12
ndays                366
====================================================================

               Precipitation-Runoff Modeling System (PRMS)
                       Version 5.2.0 04/21/2020

        Process            Available Modules
--------------------------------------------------------------------
  Basin Definition: basin
    Cascading Flow: cascade
  Time Series Data: obs, water_use_read, dynamic_param_read
   Potet Solar Rad: soltab
  Temperature Dist: temp_1sta, temp_laps, temp_dist2, climate_hru
       Precip Dist: precip_1sta, precip_laps, precip_dist2,
                    climate_hru
Temp & Precip Dist: xyz_dist, ide_dist, precip_temp_grid
    Solar Rad Dist: ccsolrad, ddsolrad, climate_hru
Transpiration Dist: transp_tindex, climate_hru, transp_frost
      Potential ET: potet_hamon, potet_jh, potet_pan, climate_hru,
                    potet_hs, potet_pt, potet_pm, potet_pm_sta
      Interception: intcp
     Snow Dynamics: snowcomp
    Surface Runoff: srunoff_smidx, srunoff_carea
Surface Depression: depression_storage
         Soil Zone: soilzone
       Groundwater: gwflow
Streamflow Routing: strmflow, strmflow_in_out, muskingum,
                    muskingum_lake, muskingum_mann
Stream Temperature: stream_temp
    Output Summary: basin_sum, subbasin, map_results, prms_summary,
                    nhru_summary, nsub_summary, water_balance
                    basin_summary, nsegment_summary
     Preprocessing: write_climate_hru, frost_date
--------------------------------------------------------------------


    Active modules listed in the order in which they are called

        Process                   Module                Version Date
====================================================================
GSFLOW Computation Order       gsflow_prms                2020-04-21
Read Control File              read_control_file          2020-04-21
Read Parameter File            read_parameter_file        2017-09-27
Read Data File                 read_data_file             2019-12-02


====================================================================
Using PRMS Data File: ..\input\prms\sagehen.data
Title: Sagehen Data File: Independence Lake and Sagehen Creek data staions
====================================================================
Comment lines:
// tmax stations are:
//   INDEPENDENCE LAKE
//   SAGEHEN CREEK
// tmin stations are:
//   INDEPENDENCE LAKE
//   SAGEHEN CREEK
// precip stations are:
//   INDEPENDENCE LAKE
//   SAGEHEN CREEK
// runoff value is:
//   10343500 	SAGEHEN C NR TRUCKEE C
====================================================================
measured variables
tmax 2
tmin 2
precip 2
runoff 1
====================================================================
 Data File time period: 1980/10/01 00:00:00 to 2004/04/25 00:00:00
Simulation time period: 1980/10/01 00:00:00 to 1996/09/30 00:00:00
====================================================================
Basin Definition               basin                      2019-11-14
Cascading Flow                 cascade                    2019-09-25
Common States and Fluxes       climateflow                2020-04-21
Potential Solar Radiation      soltab                     2019-09-25
Time Series Data               obs                        2018-02-23
PRMS Set Time Variables        prms_time                  2017-07-06
Temperature Distribution       temp_1sta                  2018-01-16
Precipitation Distribution     precip_1sta                2016-10-21
Solar Radiation Distribution   ddsolrad                   2019-04-04
Transpiration Distribution     transp_tindex              2015-01-06
Potential Evapotranspiration   potet_jh                   2019-04-04
Canopy Interception            intcp                      2020-03-03
Snow Dynamics                  snowcomp                   2019-11-27
Surface Runoff                 srunoff_smidx              2020-04-22
Soil Zone Computations         soilzone                   2020-04-21
GSFLOW PRMS to MODFLOW         gsflow_prms2mf             2019-10-30
GSFLOW MODFLOW to PRMS         gsflow_mf2prms             2017-11-15
GSFLOW Output Budget Summary   gsflow_budget              2020-04-21
GSFLOW Output CSV Summary      gsflow_sum                 2020-04-21
====================================================================
GSFLOW MODFLOW main            gsflow_modflow             2019-10-30
UZF-NWT Package                gwf2uzf1_NWT               2019-09-10
SFR-NWT Package                gwf2sfr7_NWT               2017-03-08

Using Control File: .\gsflow.control

Using Parameter File: ..\input\prms\gsflow.params


Start time: 1980/10/01 00:00:00
End time:   1996/09/30 00:00:00


Model domain area:         6782.50    Active basin area:      6782.50
Fraction impervious:        0.0000    Fraction pervious:       1.0000


