
               Precipitation-Runoff Modeling System (PRMS)
                       Version 5.2.0 01/20/2021

        Process            Available Modules
--------------------------------------------------------------------
  Basin Definition: basin
    Cascading Flow: cascade
  Time Series Data: obs, water_use_read, dynamic_param_read
   Potet Solar Rad: soltab
  Temperature Dist: temp_1sta, temp_laps, temp_dist2, climate_hru,
                    temp_map
       Precip Dist: precip_1sta, precip_laps, precip_dist2,
                    climate_hru, precip_map
Temp & Precip Dist: xyz_dist, ide_dist
    Solar Rad Dist: ccsolrad, ddsolrad, climate_hru
Transpiration Dist: transp_tindex, climate_hru, transp_frost
      Potential ET: potet_hamon, potet_jh, potet_pan, climate_hru,
                    potet_hs, potet_pt, potet_pm, potet_pm_sta
      Interception: intcp
Snow & Glacr Dynam: snowcomp, glacr_melt
    Surface Runoff: srunoff_smidx, srunoff_carea
         Soil Zone: soilzone
       Groundwater: gwflow
Streamflow Routing: strmflow, strmflow_in_out, muskingum,
                    muskingum_lake, muskingum_mann
Stream Temperature: stream_temp
    Output Summary: basin_sum, subbasin, map_results, prms_summary,
                    nhru_summary, nsub_summary, water_balance
                    basin_summary, nsegment_summary
     Preprocessing: write_climate_hru, frost_date
--------------------------------------------------------------------


    Active modules listed in the order in which they are called

        Process                    Module         Version Date
==============================================================
PRMS Computation Order          gsflow_prms         2021-01-20
Basin Definition                basin               2020-12-02
Common States and Fluxes        climateflow         2020-12-16
Potential Solar Radiation       soltab              2020-12-02
Timestep Control                prms_time           2020-12-02
Time Series Data                obs                 2020-12-02
Temp & Precip Distribution      xyz_dist            2020-12-02
Solar Radiation Distribution    ccsolrad            2020-12-02
Transpiration Distribution      transp_tindex       2020-12-02
Potential Evapotranspiration    potet_jh            2020-08-03
Canopy Interception             intcp               2020-12-03
Snow Dynamics                   snowcomp            2020-12-17
Glacier Dynamics                glacr_melt          2020-12-02
Surface Runoff                  srunoff_smidx       2020-12-28
Soilzone Computations           soilzone            2020-12-28
Groundwater                     gwflow              2020-12-02
Streamflow Routing Init         routing             2020-12-02
Streamflow Routing              muskingum           2020-12-02
Output Summary                  basin_sum           2020-12-02
==============================================================

Using Control File: .\control\gulkana.control

Using Parameter File: ./input/gulkana.par


Start time: 1971/10/01 00:00:00
End time:   2015/09/30 00:00:00


Model domain area:      1236181.99    Active basin area:   1236181.99
Fraction impervious:        0.0687    Fraction pervious:       0.9313




   Year Month Day   Precip     ET    Storage S-Runoff M-Runoff
                  (inches) (inches) (inches) (inches) (inches)
 -------------------------------------------------------------
 initial                               4.912
   1972             11.095    6.247    2.854    6.915   -7.040
   1973              9.229    7.292    2.567    2.274   -7.021
   1974              8.515    6.107    1.961    3.023   -7.021
   1975             11.982    7.976    2.726    3.381   -7.021
   1976              7.685    6.182    1.813    2.452   -7.040
   1977             12.102    5.936    2.100    7.026   -7.021
   1978              8.871    6.317    1.457    3.263   -7.021
   1979             11.400    6.821    1.277    5.108   -7.021
   1980             11.233    6.756    2.801    2.978   -7.040
   1981             12.862    9.622    2.635    3.529   -7.021
   1982              6.102    4.559    1.798    2.482   -7.021
   1983             12.117    6.700    3.460    4.042   -7.021
   1984              9.436    8.390    1.817    2.813   -7.040
   1985             13.146    7.616    2.945    4.602   -7.021
   1986              7.630    4.929    1.231    4.691   -7.021
   1987              9.401    6.239    1.916    2.660   -7.021
   1988             12.897    9.195    1.876    4.021   -7.040
   1989             13.281    6.590    2.264    6.454   -7.021
   1990             12.651    5.734    2.846    6.372   -7.021
   1991              9.734    6.526    1.665    4.691   -7.021
   1992             13.249    6.183    2.981    5.882   -7.040
   1993             10.296    6.852    2.813    3.752   -7.021
   1994              8.073    5.746    1.660    3.531   -7.021
   1995             12.085    7.926    1.717    4.193   -7.021
   1996              7.038    4.443    1.387    2.944   -7.040
   1997              6.778    4.991    1.042    2.294   -7.021
   1998              6.647    4.008    1.467    2.348   -7.021
   1999              7.868    6.053    1.644    1.730   -7.021
   2000              9.908    5.926    2.792    3.634   -7.040
   2001              7.618    6.912    1.580    2.106   -7.021
   2002              9.953    6.045    3.447    2.085   -6.361
   2003              8.866    7.485    2.419    2.491    0.210
   2004              6.666    5.300    2.538    1.418    0.132
   2005             11.914    8.719    2.657    3.558    0.275
   2006              7.410    5.821    2.472    2.077   -7.021
   2007              5.456    3.508    1.835    2.632   -7.021
   2008              7.207    5.745    2.205    1.114   -7.040
   2009              6.532    5.665    1.543    1.867   -7.021
   2010              8.305    6.780    1.504    1.575   -7.021
   2011              7.586    5.694    1.327    2.116   -7.021
   2012              9.316    6.237    1.542    3.128   -7.040
   2013             10.819    5.587    2.224    5.198   -7.021
   2014             11.512    7.579    1.423    5.357   -7.021
   2015              5.728    4.108    1.062    2.296   -7.021
 *************************************************************
 Total for run     418.200  279.046    1.062  152.102 -286.767
 *************************************************************
Execution elapsed time    0 minutes  1.35 seconds

