 "UNSATURATED MASS BALANCE COMPONENTS FOR ENTIRE MODEL "
 "DATA:            TIME   APPLIED-INFIL.          RUNOFF   ACTUAL-INFIL.   SURFACE-LEAK.           UZ-ET           GW-ET   UZSTOR-CHANGE        RECHARGE "

          1.1580000E+03    2.0079134E+05   0.0000000E+00   1.3429773E+05   5.1345005E+04   1.6660815E+04   9.1880420E+03   4.6971529E+04   7.0673581E+04
          1.1590000E+03    2.4899720E+05   0.0000000E+00   1.8082647E+05   5.1670182E+04   1.5825037E+04   8.7011055E+03   9.4609711E+04   7.0400403E+04
          1.1600000E+03    2.0331606E+05   0.0000000E+00   1.3489819E+05   5.2380475E+04   6.4096123E+03   3.4813518E+03   5.8913010E+04   6.9585193E+04
          1.1610000E+03    1.8605391E+05   0.0000000E+00   1.1815636E+05   5.2885744E+04   2.9413326E+03   1.7003181E+03   4.3163472E+04   7.2064062E+04
          1.1620000E+03    1.7779380E+05   0.0000000E+00   1.0988390E+05   5.3241808E+04   4.4167763E+03   2.5747551E+03   3.6055793E+04   6.9422139E+04
          1.1630000E+03    1.7272800E+05   0.0000000E+00   1.0603338E+05   5.2862056E+04   9.6284365E+03   5.4244404E+03   1.9969161E+04   7.6443186E+04
          1.1640000E+03    2.2130606E+05   0.0000000E+00   1.5501465E+05   5.1635366E+04   2.6940948E+04   1.3592306E+04   5.8502966E+04   6.9580737E+04
          1.1650000E+03    2.9455141E+05   0.0000000E+00   2.2568467E+05   5.1467764E+04   2.3525261E+04   1.1390896E+04   7.6422528E+04   1.2574707E+05
          1.1660000E+03    2.5618323E+05   0.0000000E+00   1.8710482E+05   5.1653211E+04   1.0039644E+04   5.1837559E+03   1.0749842E+05   6.9564994E+04
          1.1670000E+03    2.6289191E+05   0.0000000E+00   1.9337823E+05   5.2300706E+04   1.0550220E+04   5.4545127E+03   1.1242674E+05   7.0408417E+04
          1.1680000E+03    2.1482877E+05   0.0000000E+00   1.4714178E+05   5.2028771E+04   1.0197990E+04   5.1174326E+03   6.6995598E+04   6.9966475E+04
          1.1690000E+03    1.9905727E+05   0.0000000E+00   1.3157152E+05   5.2816734E+04   6.4945437E+03   3.3761863E+03   4.3835258E+04   8.1257809E+04
          1.1700000E+03    1.8844652E+05   0.0000000E+00   1.2309369E+05   5.0598411E+04   3.5867747E+04   1.5619715E+04   1.6781394E+04   7.0457506E+04
          1.1710000E+03    1.8151894E+05   0.0000000E+00   1.1685616E+05   4.9202093E+04   4.3500560E+04   1.7766850E+04   1.7403042E+03   7.1625080E+04
          1.1720000E+03    2.5818342E+05   0.0000000E+00   1.9327006E+05   4.8714157E+04   4.1643141E+04   1.5808102E+04   8.0082701E+04   7.1555315E+04
          1.1730000E+03    3.3067422E+05   0.0000000E+00   2.6189576E+05   4.8658731E+04   4.1836231E+04   1.5950833E+04   1.4443657E+05   7.5634777E+04
          1.1740000E+03    2.3754139E+05   0.0000000E+00   1.6839134E+05   4.9314248E+04   2.5377573E+04   1.0031436E+04   7.1094365E+04   7.1960943E+04
          1.1750000E+03    2.1147414E+05   0.0000000E+00   1.4281153E+05   4.8789695E+04   3.5669998E+04   1.3400637E+04   3.6423747E+04   7.0743513E+04
          1.1760000E+03    1.9807944E+05   0.0000000E+00   1.3094182E+05   4.9793846E+04   1.1881466E+04   4.6978423E+03   4.9285415E+04   6.9787901E+04
          1.1770000E+03    1.8719814E+05   0.0000000E+00   1.2126524E+05   5.0605934E+04   5.7883651E+03   2.3676462E+03   1.8604395E+04   9.6878476E+04
          1.1780000E+03    1.8048097E+05   0.0000000E+00   1.1447725E+05   5.1348798E+04   2.4031341E+03   1.0319635E+03   3.0221027E+04   8.1859117E+04
          1.1790000E+03    1.7415772E+05   0.0000000E+00   1.0819080E+05   5.1976084E+04   3.9813416E+03   1.7880861E+03   3.3240211E+04   7.0976964E+04
          1.1800000E+03    1.7262941E+05   0.0000000E+00   1.0685957E+05   5.1376429E+04   1.4494145E+04   6.3674097E+03  -7.4234665E+04   1.6661022E+05
          1.1810000E+03    2.2628102E+05   0.0000000E+00   1.6194874E+05   5.1195357E+04   1.4641719E+04   6.2533745E+03   4.8454738E+04   9.8860876E+04
          1.1820000E+03    2.8360481E+05   0.0000000E+00   2.1557603E+05   5.0949136E+04   2.4567347E+04   9.8959580E+03   1.1835303E+05   7.2662965E+04
          1.1830000E+03    2.6689878E+05   0.0000000E+00   1.9866133E+05   5.1330610E+04   1.3776168E+04   5.6282661E+03   1.0796445E+05   7.6922692E+04
          1.1840000E+03    2.1422156E+05   0.0000000E+00   1.4587963E+05   5.1881230E+04   7.3073922E+03   3.0926226E+03   6.5848912E+04   7.2737267E+04
          1.1850000E+03    1.9951372E+05   0.0000000E+00   1.3262408E+05   5.1920416E+04   1.0084060E+04   4.2560439E+03   1.7986947E+04   1.0456552E+05
          1.1860000E+03    4.2994734E+05   0.0000000E+00   3.5583924E+05   5.0397971E+04   5.3264402E+04   2.0164457E+04   2.2221199E+05   8.0375794E+04
          1.1870000E+03    2.6569778E+05   0.0000000E+00   1.9185760E+05   5.0439205E+04   3.1769674E+04   1.1214344E+04   5.1231337E+04   1.0891789E+05
          1.1880000E+03    2.2440422E+05   0.0000000E+00   1.5299904E+05   4.9796059E+04   3.9037140E+04   1.3483972E+04   3.5971773E+04   7.8026694E+04
          1.1890000E+03    2.4910858E+05   0.0000000E+00   1.7741693E+05   4.9977384E+04   3.6474790E+04   1.2034733E+04   5.5519984E+04   8.5433142E+04
          1.1900000E+03    2.1523095E+05   0.0000000E+00   1.4582845E+05   4.8599595E+04   5.4916504E+04   1.8703643E+04   1.1218032E+04   7.9716645E+04
          1.1910000E+03    2.0271138E+05   0.0000000E+00   1.3517127E+05   4.7552110E+04   6.2899720E+04   1.9472879E+04  -8.6125509E+03   8.0904777E+04
          1.1920000E+03    2.1462980E+05   0.0000000E+00   1.4860186E+05   4.6491036E+04   7.5306550E+04   2.1577049E+04  -1.4498617E+04   8.7805738E+04
          1.1930000E+03    2.0890212E+05   0.0000000E+00   1.4242809E+05   4.6323151E+04   6.6241696E+04   1.9828625E+04  -6.3723734E+03   8.2573132E+04
          1.1940000E+03    2.1596558E+05   0.0000000E+00   1.4953672E+05   4.6197119E+04   6.8151743E+04   1.9981771E+04   3.3559041E+03   7.8040337E+04
          1.1950000E+03    2.4180528E+05   0.0000000E+00   1.7637745E+05   4.5676082E+04   7.7795710E+04   2.2545131E+04   2.9967772E+03   9.5597484E+04
          1.1960000E+03    2.2965250E+05   0.0000000E+00   1.6468988E+05   4.5835119E+04   6.4620147E+04   1.9165336E+04   2.1384811E+04   7.8694502E+04
          1.1970000E+03    2.4135845E+05   0.0000000E+00   1.7550983E+05   4.5670774E+04   6.8101340E+04   2.0906938E+04   2.5890433E+04   8.1529244E+04
          1.1980000E+03    2.1031681E+05   0.0000000E+00   1.4367190E+05   4.6752879E+04   4.5175836E+04   1.3978491E+04   1.9659728E+04   7.8866524E+04
          1.1990000E+03    1.9679114E+05   0.0000000E+00   1.3032287E+05   4.7704733E+04   3.2104021E+04   1.0475794E+04   1.9778899E+04   7.8454476E+04
          1.2000000E+03    1.8760277E+05   0.0000000E+00   1.2306209E+05   4.7929427E+04   3.1949241E+04   1.1309093E+04  -1.7495737E+04   1.0861711E+05
          1.2010000E+03    1.8000100E+05   0.0000000E+00   1.1492951E+05   4.9762841E+04   5.2535892E+03   1.7529147E+03   3.3387108E+04   7.6295119E+04
          1.2020000E+03    1.7391238E+05   0.0000000E+00   1.0873985E+05   5.0854195E+04   5.6942955E+03   1.9109224E+03   1.6231769E+04   8.6820884E+04
          1.2030000E+03    1.6850273E+05   0.0000000E+00   1.0340416E+05   5.1257140E+04   1.0490179E+04   4.0161360E+03   8.4101039E+03   8.4511537E+04
          1.2040000E+03    1.6367206E+05   0.0000000E+00   9.9473520E+04   5.0444989E+04   2.2469169E+04   9.1308867E+03  -5.0544707E+01   7.7063105E+04
          1.2050000E+03    1.5713814E+05   0.0000000E+00   9.4603518E+04   5.1991793E+04   9.0740945E+03   3.4528257E+03   9.6023794E+03   7.5935825E+04
          1.2060000E+03    1.5213488E+05   0.0000000E+00   9.1256471E+04   4.9805603E+04   3.5963553E+04   1.2800550E+04  -3.0555161E+04   8.5857513E+04
          1.2070000E+03    1.4756734E+05   0.0000000E+00   8.6857375E+04   4.9970012E+04   2.7301251E+04   9.0672549E+03  -3.1642256E+04   9.1207426E+04
          1.2080000E+03    1.4393508E+05   0.0000000E+00   8.3803104E+04   4.9392952E+04   3.2919513E+04   1.1146815E+04  -2.7362015E+04   7.8255335E+04
          1.2090000E+03    1.3878661E+05   0.0000000E+00   8.0750585E+04   4.8708034E+04   3.9329208E+04   1.2529269E+04  -7.2120332E+04   1.1355151E+05
          1.2100000E+03    1.3482548E+05   0.0000000E+00   7.7567704E+04   4.7960667E+04   4.7588047E+04   1.4754140E+04  -4.4636400E+04   7.4626551E+04
          1.2110000E+03    1.3123978E+05   0.0000000E+00   7.4638376E+04   4.7539097E+04   4.5309041E+04   1.3716562E+04  -4.4833646E+04   7.4174140E+04
          1.2120000E+03    1.2852775E+05   0.0000000E+00   7.3150718E+04   4.5530903E+04   8.1409209E+04   2.4192311E+04  -8.3980659E+04   7.5733809E+04
          1.2130000E+03    1.2477997E+05   0.0000000E+00   7.1938818E+04   4.4514107E+04   7.7699341E+04   2.1776438E+04  -8.8959788E+04   8.3210865E+04
          1.2140000E+03    1.1673377E+05   0.0000000E+00   6.7115911E+04   4.5551567E+04   3.6713418E+04   1.0547906E+04  -4.1495966E+04   7.1910126E+04
          1.2150000E+03    1.1668480E+05   0.0000000E+00   6.6528339E+04   4.4438365E+04   7.3596874E+04   2.0384922E+04  -7.8526420E+04   7.1469430E+04
          1.2160000E+03    1.1672284E+05   0.0000000E+00   6.9626630E+04   4.3007595E+04   9.1882294E+04   2.4020723E+04  -1.1444654E+05   9.2202308E+04
          1.2170000E+03    1.2017866E+05   0.0000000E+00   7.3544958E+04   4.2650529E+04   7.9373322E+04   2.2203473E+04  -7.7021564E+04   7.1203511E+04
