
               Precipitation-Runoff Modeling System (PRMS)
                       Version 5.1.0 01/30/2020

        Process            Available Modules
--------------------------------------------------------------------
  Basin Definition: basin
    Cascading Flow: cascade
  Time Series Data: obs, water_use_read, dynamic_param_read
   Potet Solar Rad: soltab
  Temperature Dist: temp_1sta, temp_laps, temp_dist2, climate_hru
       Precip Dist: precip_1sta, precip_laps, precip_dist2,
                    climate_hru
Temp & Precip Dist: xyz_dist, ide_dist
    Solar Rad Dist: ccsolrad, ddsolrad, climate_hru
Transpiration Dist: transp_tindex, climate_hru, transp_frost
      Potential ET: potet_hamon, potet_jh, potet_pan, climate_hru,
                    potet_hs, potet_pt, potet_pm, potet_pm_sta
      Interception: intcp
     Snow Dynamics: snowcomp
    Surface Runoff: srunoff_smidx, srunoff_carea
         Soil Zone: soilzone
       Groundwater: gwflow
Streamflow Routing: strmflow, strmflow_in_out, muskingum,
                    muskingum_lake, muskingum_mann
Stream Temperature: stream_temp
    Output Summary: basin_sum, subbasin, map_results, prms_summary,
                    nhru_summary, nsub_summary, water_balance
                    basin_summary, nsegment_summary
     Preprocessing: write_climate_hru, frost_date
--------------------------------------------------------------------


    Active modules listed in the order in which they are called

        Process                   Module                Version Date
====================================================================
GSFLOW Computation Order       gsflow_prms                2020-01-10
Basin Definition               basin                      2019-11-14
Cascading Flow                 cascade                    2019-09-25
Common States and Fluxes       climateflow                2020-01-10
Potential Solar Radiation      soltab                     2016-09-09
PRMS Set Time Variables        prms_time                  2015-03-31
Time Series Data               obs                        2020-01-09
Temperature Distribution       temp_1sta                  2018-01-16
Precipitation Distribution     precip_1sta                2016-10-21
Solar Radiation Distribution   ddsolrad                   2019-04-04
Transpiration Distribution     transp_tindex              2015-01-06
Potential Evapotranspiration   potet_jh                   2019-04-04
Canopy Interception            intcp                      2019-05-30
Snow Dynamics                  snowcomp                   2019-11-27
Surface Runoff                 srunoff_smidx              2019-11-15
Soil Zone Computations         soilzone                   2020-01-10
Groundwater                    gwflow                     2019-04-04
Streamflow Routing             strmflow                   2014-12-02
Summary                        basin_sum                  2017-10-21
Output Summary                 map_results                2018-04-25
Nhru Output Summary            nhru_summary               2019-10-25
Basin Output Summary           basin_summary              2018-04-05
====================================================================

Using Control File: .\prms_HighKc.control

Using Parameter File: ..\input\prms\sagehen_grid_v5_HighKc.params


Start time: 1990/10/01 00:00:00
End time:   2000/12/31 00:00:00


Model domain area:        11226.32    Active basin area:      6740.99
Fraction impervious:        0.0000    Fraction pervious:       1.0000




   Year Month Day   Precip     ET    Storage S-Runoff M-Runoff
                  (inches) (inches) (inches) (inches) (inches)
 -------------------------------------------------------------
 initial                               3.499
   1990   10         0.993    0.247    4.245    0.001    0.195
   1990   11         1.098    0.304    5.039    0.001    0.213
   1990   12         1.193    0.150    6.082    0.001    0.233
   1991    1         0.462    0.296    6.248    0.001    0.230
   1991    2         1.319    1.194    6.371    0.001    0.259
   1991    3        12.967    0.319   19.005    0.014    0.625
   1991    4         1.166    1.530   17.325    1.316    1.066
   1991    5         1.974    2.843   14.813    1.644    1.571
   1991    6         0.594    3.563   11.728    0.115    0.653
   1991    7         1.194    4.064    8.851    0.007    0.236
   1991    8         1.797    2.149    8.497    0.002    0.174
   1991    9         1.086    1.177    8.403    0.002    0.154
   1991   10         4.091    0.374   12.118    0.002    0.213
   1991   11         3.048    0.607   14.556    0.003    0.244
   1991   12         2.464    0.256   16.760    0.004    0.240
   1992    1         1.014    0.284   17.481    0.008    0.242
   1992    2         6.044    0.613   22.527    0.386    0.362
   1992    3         1.680    1.240   21.526    1.442    0.564
   1992    4         0.860    3.117   18.509    0.760    1.004
   1992    5         0.209    4.013   14.656    0.049    0.381
   1992    6         1.157    1.804   14.004    0.005    0.192
   1992    7         0.241    1.494   12.746    0.005    0.156
   1992    8         0.458    0.479   12.719    0.005    0.135
   1992    9         0.336    0.426   12.624    0.005    0.138
   1992   10         4.422    0.333   16.707    0.005    0.190
   1992   11         0.162    0.470   16.393    0.006    0.193
   1992   12        13.911    0.106   30.192    0.006    0.250
   1993    1        18.959    0.062   49.083    0.006    0.341
   1993    2         8.539    0.161   57.456    0.006    0.265
   1993    3         3.370    1.186   59.009    0.631    1.163
   1993    4         1.885    1.662   55.023    4.209    3.354
   1993    5         2.349    4.169   39.831   13.371    8.711
   1993    6         1.022    4.147   32.157    4.549    3.263
   1993    7         0.157    5.518   26.276    0.521    0.810
   1993    8         0.335    3.372   23.222    0.016    0.276
   1993    9         0.000    1.035   22.177    0.009    0.187
   1993   10         2.554    0.897   23.825    0.010    0.240
   1993   11         2.186    0.328   25.673    0.010    0.244
   1993   12         3.606    0.186   29.083    0.011    0.281
   1994    1         1.684    0.385   30.370    0.012    0.285
   1994    2         6.396    0.343   36.404    0.019    0.251
   1994    3         1.196    1.385   35.072    1.143    0.570
   1994    4         0.577    2.312   32.624    0.713    1.031
   1994    5         1.213    3.793   29.772    0.271    0.663
   1994    6         0.000    2.779   26.972    0.022    0.222
   1994    7         0.056    1.135   25.879    0.014    0.149
   1994    8         0.000    0.241   25.624    0.014    0.131
   1994    9         0.884    0.358   26.137    0.014    0.140
   1994   10         0.887    0.562   26.447    0.015    0.160
   1994   11         7.764    0.116   34.080    0.015    0.241
   1994   12         4.761    0.235   38.591    0.016    0.245
   1995    1        19.376    0.244   57.704    0.018    0.843
   1995    2         1.418    0.797   58.201    0.124    0.607
   1995    3        23.372    0.462   77.972    3.139    2.926
   1995    4         5.372    1.383   79.984    1.977    2.892
   1995    5         4.719    2.906   68.961   12.836    9.706
   1995    6         1.460    3.887   55.193   11.341    8.199
   1995    7         0.611    6.823   45.073    3.908    2.979
   1995    8         0.033    4.702   40.230    0.174    0.589
   1995    9         0.000    1.834   38.373    0.023    0.287
   1995   10         0.000    0.574   37.777    0.022    0.323
   1995   11         0.958    0.271   38.442    0.022    0.353
   1995   12         6.416    0.458   44.376    0.025    0.801
   1996    1        13.578    0.439   57.486    0.028    0.573
   1996    2        13.342    0.632   65.545    4.651    1.818
   1996    3         4.471    1.155   66.588    2.274    1.371
   1996    4         4.088    2.329   62.292    6.055    4.241
   1996    5         7.046    3.575   58.010    7.752    9.551
   1996    6         0.521    4.885   53.043    0.604    2.528
   1996    7         0.639    4.712   48.926    0.043    0.693
   1996    8         0.290    1.193   47.994    0.030    0.351
   1996    9         1.511    0.913   48.562    0.030    0.306
   1996   10         0.260    0.446   48.345    0.031    0.344
   1996   11         2.606    0.388   50.533    0.031    0.718
   1996   12        19.147    0.420   67.972    1.287    2.116
   1997    1         4.307    0.349   68.488    3.442    9.555
   1997    2         0.363    0.435   67.644    0.771    1.161
   1997    3         0.522    1.664   65.514    0.989    2.353
   1997    4         1.473    2.169   63.579    1.239    5.092
   1997    5         0.739    4.507   59.367    0.443    4.572
   1997    6         2.554    3.459   58.396    0.067    1.709
   1997    7         0.231    2.585   56.001    0.041    0.523
   1997    8         0.067    0.535   55.493    0.040    0.324
   1997    9         0.257    0.229   55.481    0.039    0.360
   1997   10         0.367    0.226   55.581    0.041    0.467
   1997   11         1.895    0.197   57.238    0.041    0.535
   1997   12         2.541    0.148   59.588    0.043    0.473
   1998    1         5.008    0.332   64.220    0.044    0.691
   1998    2         6.781    0.207   70.753    0.041    0.538
   1998    3         4.091    0.839   73.074    0.931    1.283
   1998    4         1.319    1.487   71.577    1.330    2.027
   1998    5         1.411    2.262   68.630    2.097    6.183
   1998    6         0.824    3.479   65.407    0.568    6.765
   1998    7         0.046    4.119   61.273    0.062    1.766
   1998    8         0.112    0.832   60.502    0.051    0.570
   1998    9         4.152    2.166   62.438    0.050    0.549
   1998   10         1.998    0.714   63.670    0.052    0.496
   1998   11         4.103    0.304   67.418    0.051    0.747
   1998   12         1.886    0.306   68.944    0.055    0.732
   1999    1         6.469    0.376   74.948    0.088    0.713
   1999    2         4.879    0.392   78.823    0.612    0.705
   1999    3         2.069    1.001   78.135    1.756    1.112
   1999    4         0.671    1.596   75.947    1.264    2.606
   1999    5         1.092    3.885   72.272    0.881   10.112
   1999    6         0.594    3.598   69.088    0.181    4.926
   1999    7         0.000    2.104   66.922    0.063    1.192
   1999    8         1.239    1.273   66.825    0.063    0.561
   1999    9         0.358    0.526   66.596    0.061    0.410
   1999   10         2.093    0.381   68.244    0.064    0.437
   1999   11         0.345    0.566   67.960    0.063    0.494
   1999   12         0.257    0.258   67.892    0.066    0.489
   2000    1         5.947    0.232   73.540    0.067    0.682
   2000    2         3.934    0.496   76.913    0.065    0.864
   2000    3         0.142    1.052   75.925    0.079    1.114
   2000    4         0.671    2.485   74.002    0.109    3.909
   2000    5         0.739    3.459   71.187    0.095    3.552
   2000    6         0.240    2.441   68.914    0.071    1.174
   2000    7         0.000    0.777   68.064    0.074    0.455
   2000    8         0.022    0.270   67.742    0.074    0.304
   2000    9         0.190    0.187   67.672    0.073    0.280
   2000   10         1.419    0.226   68.789    0.076    0.317
   2000   11         0.086    0.176   68.624    0.075    0.338
   2000   12         0.000    0.187   68.359    0.078    0.364
Execution elapsed time    0 minutes  4.98 seconds

